<?xml version="1.0" encoding="UTF-8"?>
<!-- Generated by org.testng.reporters.JUnitReportReporter -->
<testsuite hostname="DESKTOP-DU9AN7M" failures="0" tests="3" name="GitAutomation.GitAutomation.Autoamtion" time="27.590" errors="0" timestamp="2022-09-06T12:37:59 IST" skipped="0">
  <testcase classname="GitAutomation.GitAutomation.Autoamtion" name="WikiSearch" time="9.034"/>
  <system-out/>
  <testcase classname="GitAutomation.GitAutomation.Autoamtion" name="MyntraSearch" time="12.800"/>
  <system-out/>
  <testcase classname="GitAutomation.GitAutomation.Autoamtion" name="GoogleSearch" time="5.756"/>
  <system-out/>
</testsuite> <!-- GitAutomation.GitAutomation.Autoamtion -->
